<?xml version="1.0" encoding="UTF-8"?>
<testsuite name="Practice_11.SpringForPractice11Test" tests="1" skipped="0" failures="0" errors="0" timestamp="2021-04-04T19:20:15" hostname="DESKTOP-Q4Q7FBO" time="1.413">
  <properties/>
  <testcase name="contextLoads()" classname="Practice_11.SpringForPractice11Test" time="1.413"/>
  <system-out><![CDATA[22:20:05.294 [Test worker] DEBUG org.springframework.test.context.BootstrapUtils - Instantiating CacheAwareContextLoaderDelegate from class [org.springframework.test.context.cache.DefaultCacheAwareContextLoaderDelegate]
22:20:05.334 [Test worker] DEBUG org.springframework.test.context.BootstrapUtils - Instantiating BootstrapContext using constructor [public org.springframework.test.context.support.DefaultBootstrapContext(java.lang.Class,org.springframework.test.context.CacheAwareContextLoaderDelegate)]
22:20:05.439 [Test worker] DEBUG org.springframework.test.context.BootstrapUtils - Instantiating TestContextBootstrapper for test class [Practice_11.SpringForPractice11Test] from class [org.springframework.boot.test.context.SpringBootTestContextBootstrapper]
22:20:05.474 [Test worker] INFO org.springframework.boot.test.context.SpringBootTestContextBootstrapper - Neither @ContextConfiguration nor @ContextHierarchy found for test class [Practice_11.SpringForPractice11Test], using SpringBootContextLoader
22:20:05.485 [Test worker] DEBUG org.springframework.test.context.support.AbstractContextLoader - Did not detect default resource location for test class [Practice_11.SpringForPractice11Test]: class path resource [Practice_11/SpringForPractice11Test-context.xml] does not exist
22:20:05.487 [Test worker] DEBUG org.springframework.test.context.support.AbstractContextLoader - Did not detect default resource location for test class [Practice_11.SpringForPractice11Test]: class path resource [Practice_11/SpringForPractice11TestContext.groovy] does not exist
22:20:05.489 [Test worker] INFO org.springframework.test.context.support.AbstractContextLoader - Could not detect default resource locations for test class [Practice_11.SpringForPractice11Test]: no resource found for suffixes {-context.xml, Context.groovy}.
22:20:05.491 [Test worker] INFO org.springframework.test.context.support.AnnotationConfigContextLoaderUtils - Could not detect default configuration classes for test class [Practice_11.SpringForPractice11Test]: SpringForPractice11Test does not declare any static, non-private, non-final, nested classes annotated with @Configuration.
22:20:05.628 [Test worker] DEBUG org.springframework.test.context.support.ActiveProfilesUtils - Could not find an 'annotation declaring class' for annotation type [org.springframework.test.context.ActiveProfiles] and class [Practice_11.SpringForPractice11Test]
22:20:05.851 [Test worker] DEBUG org.springframework.context.annotation.ClassPathScanningCandidateComponentProvider - Identified candidate component class: file [C:\Users\Марис\IdeaProjects\Practice_11\build\classes\java\main\Practice_11\SpringForPractice11.class]
22:20:05.884 [Test worker] INFO org.springframework.boot.test.context.SpringBootTestContextBootstrapper - Found @SpringBootConfiguration Practice_11.SpringForPractice11 for test class Practice_11.SpringForPractice11Test
22:20:06.268 [Test worker] DEBUG org.springframework.boot.test.context.SpringBootTestContextBootstrapper - @TestExecutionListeners is not present for class [Practice_11.SpringForPractice11Test]: using defaults.
22:20:06.270 [Test worker] INFO org.springframework.boot.test.context.SpringBootTestContextBootstrapper - Loaded default TestExecutionListener class names from location [META-INF/spring.factories]: [org.springframework.boot.test.autoconfigure.restdocs.RestDocsTestExecutionListener, org.springframework.boot.test.autoconfigure.web.client.MockRestServiceServerResetTestExecutionListener, org.springframework.boot.test.autoconfigure.web.servlet.MockMvcPrintOnlyOnFailureTestExecutionListener, org.springframework.boot.test.autoconfigure.web.servlet.WebDriverTestExecutionListener, org.springframework.boot.test.autoconfigure.webservices.client.MockWebServiceServerTestExecutionListener, org.springframework.boot.test.mock.mockito.MockitoTestExecutionListener, org.springframework.boot.test.mock.mockito.ResetMocksTestExecutionListener, org.springframework.test.context.web.ServletTestExecutionListener, org.springframework.test.context.support.DirtiesContextBeforeModesTestExecutionListener, org.springframework.test.context.event.ApplicationEventsTestExecutionListener, org.springframework.test.context.support.DependencyInjectionTestExecutionListener, org.springframework.test.context.support.DirtiesContextTestExecutionListener, org.springframework.test.context.transaction.TransactionalTestExecutionListener, org.springframework.test.context.jdbc.SqlScriptsTestExecutionListener, org.springframework.test.context.event.EventPublishingTestExecutionListener]
22:20:06.306 [Test worker] DEBUG org.springframework.boot.test.context.SpringBootTestContextBootstrapper - Skipping candidate TestExecutionListener [org.springframework.test.context.transaction.TransactionalTestExecutionListener] due to a missing dependency. Specify custom listener classes or make the default listener classes and their required dependencies available. Offending class: [org/springframework/transaction/interceptor/TransactionAttributeSource]
22:20:06.308 [Test worker] DEBUG org.springframework.boot.test.context.SpringBootTestContextBootstrapper - Skipping candidate TestExecutionListener [org.springframework.test.context.jdbc.SqlScriptsTestExecutionListener] due to a missing dependency. Specify custom listener classes or make the default listener classes and their required dependencies available. Offending class: [org/springframework/transaction/interceptor/TransactionAttribute]
22:20:06.309 [Test worker] INFO org.springframework.boot.test.context.SpringBootTestContextBootstrapper - Using TestExecutionListeners: [org.springframework.test.context.web.ServletTestExecutionListener@330efdd0, org.springframework.test.context.support.DirtiesContextBeforeModesTestExecutionListener@62d69052, org.springframework.test.context.event.ApplicationEventsTestExecutionListener@183c1cd9, org.springframework.boot.test.mock.mockito.MockitoTestExecutionListener@7f3d5e92, org.springframework.boot.test.autoconfigure.SpringBootDependencyInjectionTestExecutionListener@3b99ccd8, org.springframework.test.context.support.DirtiesContextTestExecutionListener@6d1b9ff9, org.springframework.test.context.event.EventPublishingTestExecutionListener@15b98c57, org.springframework.boot.test.autoconfigure.restdocs.RestDocsTestExecutionListener@e599bc, org.springframework.boot.test.autoconfigure.web.client.MockRestServiceServerResetTestExecutionListener@75ef6a74, org.springframework.boot.test.autoconfigure.web.servlet.MockMvcPrintOnlyOnFailureTestExecutionListener@443ac767, org.springframework.boot.test.autoconfigure.web.servlet.WebDriverTestExecutionListener@1db83083, org.springframework.boot.test.autoconfigure.webservices.client.MockWebServiceServerTestExecutionListener@31bc72f1, org.springframework.boot.test.mock.mockito.ResetMocksTestExecutionListener@3f8e1278]
22:20:06.322 [Test worker] DEBUG org.springframework.test.context.support.AbstractDirtiesContextTestExecutionListener - Before test class: context [DefaultTestContext@63bdb42e testClass = SpringForPractice11Test, testInstance = [null], testMethod = [null], testException = [null], mergedContextConfiguration = [WebMergedContextConfiguration@80a1125 testClass = SpringForPractice11Test, locations = '{}', classes = '{class Practice_11.SpringForPractice11}', contextInitializerClasses = '[]', activeProfiles = '{}', propertySourceLocations = '{}', propertySourceProperties = '{org.springframework.boot.test.context.SpringBootTestContextBootstrapper=true}', contextCustomizers = set[org.springframework.boot.test.autoconfigure.actuate.metrics.MetricsExportContextCustomizerFactory$DisableMetricExportContextCustomizer@a01af92, org.springframework.boot.test.autoconfigure.properties.PropertyMappingContextCustomizer@0, org.springframework.boot.test.autoconfigure.web.servlet.WebDriverContextCustomizerFactory$Customizer@6deffaf7, org.springframework.boot.test.context.filter.ExcludeFilterContextCustomizer@7d1181a3, org.springframework.boot.test.json.DuplicateJsonObjectContextCustomizerFactory$DuplicateJsonObjectContextCustomizer@209a0517, org.springframework.boot.test.mock.mockito.MockitoContextCustomizer@0, org.springframework.boot.test.web.client.TestRestTemplateContextCustomizer@1767b9d2, org.springframework.boot.test.context.SpringBootTestArgs@1, org.springframework.boot.test.context.SpringBootTestWebEnvironment@774a4b35], resourceBasePath = 'src/main/webapp', contextLoader = 'org.springframework.boot.test.context.SpringBootContextLoader', parent = [null]], attributes = map['org.springframework.test.context.web.ServletTestExecutionListener.activateListener' -> true]], class annotated with @DirtiesContext [false] with mode [null].
22:20:06.417 [Test worker] DEBUG org.springframework.test.context.support.TestPropertySourceUtils - Adding inlined properties to environment: {spring.jmx.enabled=false, org.springframework.boot.test.context.SpringBootTestContextBootstrapper=true}

  .   ____          _            __ _ _
 /\\ / ___'_ __ _ _(_)_ __  __ _ \ \ \ \
( ( )\___ | '_ | '_| | '_ \/ _` | \ \ \ \
 \\/  ___)| |_)| | | | | || (_| |  ) ) ) )
  '  |____| .__|_| |_|_| |_\__, | / / / /
 =========|_|==============|___/=/_/_/_/
 :: Spring Boot ::                (v2.4.2)

2021-04-04 22:20:07.368  INFO 10672 --- [    Test worker] Practice_11.SpringForPractice11Test      : Starting SpringForPractice11Test using Java 15.0.2 on DESKTOP-Q4Q7FBO with PID 10672 (started by РњР°СЂРёСЃ in C:\Users\РњР°СЂРёСЃ\IdeaProjects\Practice_11)
2021-04-04 22:20:07.389  INFO 10672 --- [    Test worker] Practice_11.SpringForPractice11Test      : No active profile set, falling back to default profiles: default
2021-04-04 22:20:13.463  INFO 10672 --- [    Test worker] o.s.s.concurrent.ThreadPoolTaskExecutor  : Initializing ExecutorService 'applicationTaskExecutor'
2021-04-04 22:20:15.540  INFO 10672 --- [    Test worker] o.s.b.a.e.web.EndpointLinksResolver      : Exposing 13 endpoint(s) beneath base path '/actuator'
2021-04-04 22:20:15.744  INFO 10672 --- [    Test worker] Practice_11.SpringForPractice11Test      : Started SpringForPractice11Test in 9.299 seconds (JVM running for 12.551)
]]></system-out>
  <system-err><![CDATA[]]></system-err>
</testsuite>
